# JRE version: Java(TM) SE Runtime Environment (8.0_261-b12) (build 1.8.0_261-b12)
# Java VM: Java HotSpot(TM) 64-Bit Server VM (25.261-b12 mixed mode windows-amd64 compressed oops)
Heap:
 PSYoungGen      total 67072K, used 54518K [0x00000000d6700000, 0x00000000dcc80000, 0x0000000100000000)
  eden space 58368K, 93% used [0x00000000d6700000,0x00000000d9c3d920,0x00000000da000000)
  from space 8704K, 0% used [0x00000000da000000,0x00000000da000000,0x00000000da880000)
  to   space 8704K, 0% used [0x00000000dc400000,0x00000000dc400000,0x00000000dcc80000)
 ParOldGen       total 100352K, used 89253K [0x0000000083400000, 0x0000000089600000, 0x00000000d6700000)
  object space 100352K, 88% used [0x0000000083400000,0x0000000088b29400,0x0000000089600000)
 Metaspace       used 35243K, capacity 36604K, committed 36864K, reserved 1081344K
  class space    used 4620K, capacity 5105K, committed 5120K, reserved 1048576K
GC Heap History (10 events):
Event: 6.978 GC heap before
{Heap before GC invocations=12 (full 3):
 PSYoungGen      total 67072K, used 1504K [0x00000000d6700000, 0x00000000dcc80000, 0x0000000100000000)
  eden space 58368K, 0% used [0x00000000d6700000,0x00000000d6700000,0x00000000da000000)
  from space 8704K, 17% used [0x00000000da000000,0x00000000da178000,0x00000000da880000)
  to   space 8704K, 0% used [0x00000000dc400000,0x00000000dc400000,0x00000000dcc80000)
 ParOldGen       total 100352K, used 92439K [0x0000000083400000, 0x0000000089600000, 0x00000000d6700000)
  object space 100352K, 92% used [0x0000000083400000,0x0000000088e45ca8,0x0000000089600000)
 Metaspace       used 34807K, capacity 36120K, committed 36224K, reserved 1081344K
  class space    used 4493K, capacity 4927K, committed 4992K, reserved 1048576K
Event: 7.096 GC heap after
Heap after GC invocations=12 (full 3):
 PSYoungGen      total 67072K, used 0K [0x00000000d6700000, 0x00000000dcc80000, 0x0000000100000000)
  eden space 58368K, 0% used [0x00000000d6700000,0x00000000d6700000,0x00000000da000000)
  from space 8704K, 0% used [0x00000000da000000,0x00000000da000000,0x00000000da880000)
  to   space 8704K, 0% used [0x00000000dc400000,0x00000000dc400000,0x00000000dcc80000)
 ParOldGen       total 100352K, used 90168K [0x0000000083400000, 0x0000000089600000, 0x00000000d6700000)
  object space 100352K, 89% used [0x0000000083400000,0x0000000088c0e300,0x0000000089600000)
 Metaspace       used 34807K, capacity 36120K, committed 36224K, reserved 1081344K
  class space    used 4493K, capacity 4927K, committed 4992K, reserved 1048576K
}
Event: 7.134 GC heap before
{Heap before GC invocations=13 (full 4):
 PSYoungGen      total 67072K, used 51536K [0x00000000d6700000, 0x00000000dcc80000, 0x0000000100000000)
  eden space 58368K, 88% used [0x00000000d6700000,0x00000000d9954180,0x00000000da000000)
  from space 8704K, 0% used [0x00000000da000000,0x00000000da000000,0x00000000da880000)
  to   space 8704K, 0% used [0x00000000dc400000,0x00000000dc400000,0x00000000dcc80000)
 ParOldGen       total 100352K, used 90168K [0x0000000083400000, 0x0000000089600000, 0x00000000d6700000)
  object space 100352K, 89% used [0x0000000083400000,0x0000000088c0e300,0x0000000089600000)
 Metaspace       used 34822K, capacity 36120K, committed 36224K, reserved 1081344K
  class space    used 4494K, capacity 4927K, committed 4992K, reserved 1048576K
Event: 7.196 GC heap after
Heap after GC invocations=13 (full 4):
 PSYoungGen      total 67072K, used 49953K [0x00000000d6700000, 0x00000000dcc80000, 0x0000000100000000)
  eden space 58368K, 85% used [0x00000000d6700000,0x00000000d97c85d0,0x00000000da000000)
  from space 8704K, 0% used [0x00000000da000000,0x00000000da000000,0x00000000da880000)
  to   space 8704K, 0% used [0x00000000dc400000,0x00000000dc400000,0x00000000dcc80000)
 ParOldGen       total 100352K, used 90158K [0x0000000083400000, 0x0000000089600000, 0x00000000d6700000)
  object space 100352K, 89% used [0x0000000083400000,0x0000000088c0bbe8,0x0000000089600000)
 Metaspace       used 34822K, capacity 36120K, committed 36224K, reserved 1081344K
  class space    used 4494K, capacity 4927K, committed 4992K, reserved 1048576K
}
Event: 7.196 GC heap before
{Heap before GC invocations=14 (full 5):
 PSYoungGen      total 67072K, used 49953K [0x00000000d6700000, 0x00000000dcc80000, 0x0000000100000000)
  eden space 58368K, 85% used [0x00000000d6700000,0x00000000d97c85d0,0x00000000da000000)
  from space 8704K, 0% used [0x00000000da000000,0x00000000da000000,0x00000000da880000)
  to   space 8704K, 0% used [0x00000000dc400000,0x00000000dc400000,0x00000000dcc80000)
 ParOldGen       total 100352K, used 90158K [0x0000000083400000, 0x0000000089600000, 0x00000000d6700000)
  object space 100352K, 89% used [0x0000000083400000,0x0000000088c0bbe8,0x0000000089600000)
 Metaspace       used 34822K, capacity 36120K, committed 36224K, reserved 1081344K
  class space    used 4494K, capacity 4927K, committed 4992K, reserved 1048576K
Event: 7.302 GC heap after
Heap after GC invocations=14 (full 5):
 PSYoungGen      total 67072K, used 49953K [0x00000000d6700000, 0x00000000dcc80000, 0x0000000100000000)
  eden space 58368K, 85% used [0x00000000d6700000,0x00000000d97c85d0,0x00000000da000000)
  from space 8704K, 0% used [0x00000000da000000,0x00000000da000000,0x00000000da880000)
  to   space 8704K, 0% used [0x00000000dc400000,0x00000000dc400000,0x00000000dcc80000)
 ParOldGen       total 100352K, used 89254K [0x0000000083400000, 0x0000000089600000, 0x00000000d6700000)
  object space 100352K, 88% used [0x0000000083400000,0x0000000088b29810,0x0000000089600000)
 Metaspace       used 34799K, capacity 36080K, committed 36224K, reserved 1081344K
  class space    used 4487K, capacity 4915K, committed 4992K, reserved 1048576K
}
Event: 7.303 GC heap before
{Heap before GC invocations=15 (full 6):
 PSYoungGen      total 67072K, used 50296K [0x00000000d6700000, 0x00000000dcc80000, 0x0000000100000000)
  eden space 58368K, 86% used [0x00000000d6700000,0x00000000d981e3d0,0x00000000da000000)
  from space 8704K, 0% used [0x00000000da000000,0x00000000da000000,0x00000000da880000)
  to   space 8704K, 0% used [0x00000000dc400000,0x00000000dc400000,0x00000000dcc80000)
 ParOldGen       total 100352K, used 89254K [0x0000000083400000, 0x0000000089600000, 0x00000000d6700000)
  object space 100352K, 88% used [0x0000000083400000,0x0000000088b29810,0x0000000089600000)
 Metaspace       used 34800K, capacity 36080K, committed 36224K, reserved 1081344K
  class space    used 4487K, capacity 4915K, committed 4992K, reserved 1048576K
Event: 7.348 GC heap after
Heap after GC invocations=15 (full 6):
 PSYoungGen      total 67072K, used 49970K [0x00000000d6700000, 0x00000000dcc80000, 0x0000000100000000)
  eden space 58368K, 85% used [0x00000000d6700000,0x00000000d97cc880,0x00000000da000000)
  from space 8704K, 0% used [0x00000000da000000,0x00000000da000000,0x00000000da880000)
  to   space 8704K, 0% used [0x00000000dc400000,0x00000000dc400000,0x00000000dcc80000)
 ParOldGen       total 100352K, used 89253K [0x0000000083400000, 0x0000000089600000, 0x00000000d6700000)
  object space 100352K, 88% used [0x0000000083400000,0x0000000088b29400,0x0000000089600000)
 Metaspace       used 34800K, capacity 36080K, committed 36224K, reserved 1081344K
  class space    used 4487K, capacity 4915K, committed 4992K, reserved 1048576K
}
Event: 7.348 GC heap before
{Heap before GC invocations=16 (full 7):
 PSYoungGen      total 67072K, used 49970K [0x00000000d6700000, 0x00000000dcc80000, 0x0000000100000000)
  eden space 58368K, 85% used [0x00000000d6700000,0x00000000d97cc880,0x00000000da000000)
  from space 8704K, 0% used [0x00000000da000000,0x00000000da000000,0x00000000da880000)
  to   space 8704K, 0% used [0x00000000dc400000,0x00000000dc400000,0x00000000dcc80000)
 ParOldGen       total 100352K, used 89253K [0x0000000083400000, 0x0000000089600000, 0x00000000d6700000)
  object space 100352K, 88% used [0x0000000083400000,0x0000000088b29400,0x0000000089600000)
 Metaspace       used 34800K, capacity 36080K, committed 36224K, reserved 1081344K
  class space    used 4487K, capacity 4915K, committed 4992K, reserved 1048576K
Event: 7.372 GC heap after
Heap after GC invocations=16 (full 7):
 PSYoungGen      total 67072K, used 49970K [0x00000000d6700000, 0x00000000dcc80000, 0x0000000100000000)
  eden space 58368K, 85% used [0x00000000d6700000,0x00000000d97cc880,0x00000000da000000)
  from space 8704K, 0% used [0x00000000da000000,0x00000000da000000,0x00000000da880000)
  to   space 8704K, 0% used [0x00000000dc400000,0x00000000dc400000,0x00000000dcc80000)
 ParOldGen       total 100352K, used 89253K [0x0000000083400000, 0x0000000089600000, 0x00000000d6700000)
  object space 100352K, 88% used [0x0000000083400000,0x0000000088b29400,0x0000000089600000)
 Metaspace       used 34800K, capacity 36080K, committed 36224K, reserved 1081344K
  class space    used 4487K, capacity 4915K, committed 4992K, reserved 1048576K
}

